<?xml version="1.0" encoding="utf-8"?><testsuites name="pytest tests"><testsuite name="pytest" errors="0" failures="1" skipped="0" tests="19" time="4.996" timestamp="2026-04-08T08:01:23.021628+00:00" hostname="agent-env-70b3734b-a2b8-4edf-bb58-19a229a52992"><testcase classname="backend.tests.test_workos.TestAuth" name="test_admin_login_returns_user" time="1.393" /><testcase classname="backend.tests.test_workos.TestAuth" name="test_hod_login" time="0.348" /><testcase classname="backend.tests.test_workos.TestAuth" name="test_worker_login" time="0.323" /><testcase classname="backend.tests.test_workos.TestAuth" name="test_invalid_login" time="0.113" /><testcase classname="backend.tests.test_workos.TestAuth" name="test_get_me_with_cookie" time="0.360" /><testcase classname="backend.tests.test_workos.TestAuth" name="test_hod_role" time="0.363" /><testcase classname="backend.tests.test_workos.TestAuth" name="test_worker_role" time="0.370" /><testcase classname="backend.tests.test_workos.TestAnalytics" name="test_kpis" time="0.044" /><testcase classname="backend.tests.test_workos.TestAnalytics" name="test_department_stats" time="0.058" /><testcase classname="backend.tests.test_workos.TestUsers" name="test_get_users" time="0.041" /><testcase classname="backend.tests.test_workos.TestUsers" name="test_get_departments" time="0.084" /><testcase classname="backend.tests.test_workos.TestTasks" name="test_get_tasks" time="0.050" /><testcase classname="backend.tests.test_workos.TestTasks" name="test_create_task" time="0.130" /><testcase classname="backend.tests.test_workos.TestTasks" name="test_update_task_status" time="0.136" /><testcase classname="backend.tests.test_workos.TestMeetings" name="test_get_meetings" time="0.042" /><testcase classname="backend.tests.test_workos.TestMeetings" name="test_create_meeting" time="0.082" /><testcase classname="backend.tests.test_workos.TestNotifications" name="test_get_notifications" time="0.082" /><testcase classname="backend.tests.test_workos.TestFiles" name="test_get_files" time="0.080" /><testcase classname="backend.tests.test_workos.TestAICopilot" name="test_ai_chat" time="0.692"><failure message="AssertionError: AI chat failed: Internal Server Error&#10;assert 500 == 200&#10; +  where 500 = &lt;Response [500]&gt;.status_code">backend/tests/test_workos.py:177: in test_ai_chat
    assert resp.status_code == 200, f"AI chat failed: {resp.text}"
E   AssertionError: AI chat failed: Internal Server Error
E   assert 500 == 200
E    +  where 500 = &lt;Response [500]&gt;.status_code</failure></testcase></testsuite></testsuites>